<?xml version="1.0" encoding="UTF-8"?>
<testsuite xmlns:xsi="http://www.w3.org/2001/XMLSchema-instance" xsi:noNamespaceSchemaLocation="https://maven.apache.org/surefire/maven-surefire-plugin/xsd/surefire-test-report-3.0.xsd" version="3.0" name="uk.ac.rhul.cs2800.TestEntry" time="0.044" tests="10" errors="0" skipped="0" failures="0">
  <properties>
[...]
</properties>
  <testcase name="equalsFloatTest" classname="uk.ac.rhul.cs2800.TestEntry" time="0.001"/>
  <testcase name="stringTest" classname="uk.ac.rhul.cs2800.TestEntry" time="0.001"/>
  <testcase name="gettersFloatTest" classname="uk.ac.rhul.cs2800.TestEntry" time="0.015"/>
  <testcase name="gettersSymbolMethod" classname="uk.ac.rhul.cs2800.TestEntry" time="0.002"/>
  <testcase name="test" classname="uk.ac.rhul.cs2800.TestEntry" time="0.001"/>
  <testcase name="gettersStringTest" classname="uk.ac.rhul.cs2800.TestEntry" time="0.003"/>
  <testcase name="symbolTest" classname="uk.ac.rhul.cs2800.TestEntry" time="0.001"/>
  <testcase name="enumToStrings" classname="uk.ac.rhul.cs2800.TestEntry" time="0"/>
  <testcase name="intTest" classname="uk.ac.rhul.cs2800.TestEntry" time="0"/>
  <testcase name="equalsHashSymbolTest" classname="uk.ac.rhul.cs2800.TestEntry" time="0"/>
</testsuite>